<?xml version="1.0" encoding="UTF-8"?>
<testng-results ignored="0" total="1" passed="1" failed="0" skipped="0">
  <reporter-output>
  </reporter-output>
  <suite started-at="2022-11-23T15:27:21 GMT-05:00" name="Default suite" finished-at="2022-11-23T15:27:21 GMT-05:00" duration-ms="48">
    <groups>
    </groups>
    <test started-at="2022-11-23T15:27:21 GMT-05:00" name="Default test" finished-at="2022-11-23T15:27:21 GMT-05:00" duration-ms="48">
      <class name="jpro.jen">
        <test-method signature="script()[pri:0, instance:jpro.jen@57af006c]" started-at="2022-11-23T15:27:21 GMT-05:00" name="script" finished-at="2022-11-23T15:27:21 GMT-05:00" duration-ms="7" status="PASS">
          <reporter-output>
          </reporter-output>
        </test-method> <!-- script -->
      </class> <!-- jpro.jen -->
    </test> <!-- Default test -->
  </suite> <!-- Default suite -->
</testng-results>
